  [1m[35m (168.4ms)[0m  [1m[35mCREATE DATABASE "proyecto-Testing_development" ENCODING = 'unicode'[0m
  [1m[35m (105.0ms)[0m  [1m[35mCREATE DATABASE "proyecto-Testing_test" ENCODING = 'unicode'[0m
  [1m[35m (8.1ms)[0m  [1m[35mCREATE TABLE "schema_migrations" ("version" character varying NOT NULL PRIMARY KEY)[0m
  [1m[35m (5.1ms)[0m  [1m[35mCREATE TABLE "ar_internal_metadata" ("key" character varying NOT NULL PRIMARY KEY, "value" character varying, "created_at" timestamp(6) NOT NULL, "updated_at" timestamp(6) NOT NULL)[0m
  [1m[35m (0.2ms)[0m  [1m[34mSELECT pg_try_advisory_lock(3068764288772549535)[0m
  [1m[36mActiveRecord::SchemaMigration Pluck (0.7ms)[0m  [1m[34mSELECT "schema_migrations"."version" FROM "schema_migrations" ORDER BY "schema_migrations"."version" ASC[0m
Migrating to CreateReservas (20211111171417)
  [1m[36mTRANSACTION (0.2ms)[0m  [1m[35mBEGIN[0m
  [1m[35m (6.3ms)[0m  [1m[35mCREATE TABLE "reservas" ("id" bigserial primary key, "sala" integer, "fecha" date, "asiento" integer, "horario" character varying, "created_at" timestamp(6) NOT NULL, "updated_at" timestamp(6) NOT NULL)[0m
  [1m[35m (3.9ms)[0m  [1m[35mCREATE UNIQUE INDEX "index_reservas_on_sala_and_fecha_and_asiento_and_horario" ON "reservas" ("sala", "fecha", "asiento", "horario")[0m
  [1m[36mActiveRecord::SchemaMigration Create (1.0ms)[0m  [1m[32mINSERT INTO "schema_migrations" ("version") VALUES ($1) RETURNING "version"[0m  [["version", "20211111171417"]]
  [1m[36mTRANSACTION (1.8ms)[0m  [1m[35mCOMMIT[0m
Migrating to CreateRooms (20211115224742)
  [1m[36mTRANSACTION (0.3ms)[0m  [1m[35mBEGIN[0m
  [1m[35m (3.9ms)[0m  [1m[35mCREATE TABLE "rooms" ("id" bigserial primary key, "number" integer, "created_at" timestamp(6) NOT NULL, "updated_at" timestamp(6) NOT NULL)[0m
  [1m[36mActiveRecord::SchemaMigration Create (0.5ms)[0m  [1m[32mINSERT INTO "schema_migrations" ("version") VALUES ($1) RETURNING "version"[0m  [["version", "20211115224742"]]
  [1m[36mTRANSACTION (1.8ms)[0m  [1m[35mCOMMIT[0m
Migrating to CreateMovies (20211115224920)
  [1m[36mTRANSACTION (0.7ms)[0m  [1m[35mBEGIN[0m
  [1m[35m (5.9ms)[0m  [1m[35mCREATE TABLE "movies" ("id" bigserial primary key, "title" character varying, "created_at" timestamp(6) NOT NULL, "updated_at" timestamp(6) NOT NULL)[0m
  [1m[36mActiveRecord::SchemaMigration Create (0.4ms)[0m  [1m[32mINSERT INTO "schema_migrations" ("version") VALUES ($1) RETURNING "version"[0m  [["version", "20211115224920"]]
  [1m[36mTRANSACTION (1.8ms)[0m  [1m[35mCOMMIT[0m
Migrating to CreateMovieTimes (20211115225219)
  [1m[36mTRANSACTION (0.3ms)[0m  [1m[35mBEGIN[0m
  [1m[35m (7.2ms)[0m  [1m[35mCREATE TABLE "movie_times" ("id" bigserial primary key, "movie" character varying, "room" integer, "time" character varying, "created_at" timestamp(6) NOT NULL, "updated_at" timestamp(6) NOT NULL)[0m
  [1m[36mActiveRecord::SchemaMigration Create (1.8ms)[0m  [1m[32mINSERT INTO "schema_migrations" ("version") VALUES ($1) RETURNING "version"[0m  [["version", "20211115225219"]]
  [1m[36mTRANSACTION (2.3ms)[0m  [1m[35mCOMMIT[0m
Migrating to CreateActiveStorageTables (20211123222824)
  [1m[36mTRANSACTION (0.4ms)[0m  [1m[35mBEGIN[0m
  [1m[35m (8.4ms)[0m  [1m[35mCREATE TABLE "active_storage_blobs" ("id" bigserial primary key, "key" character varying NOT NULL, "filename" character varying NOT NULL, "content_type" character varying, "metadata" text, "service_name" character varying NOT NULL, "byte_size" bigint NOT NULL, "checksum" character varying NOT NULL, "created_at" timestamp NOT NULL)[0m
  [1m[35m (3.0ms)[0m  [1m[35mCREATE UNIQUE INDEX "index_active_storage_blobs_on_key" ON "active_storage_blobs" ("key")[0m
  [1m[35m (7.9ms)[0m  [1m[35mCREATE TABLE "active_storage_attachments" ("id" bigserial primary key, "name" character varying NOT NULL, "record_type" character varying NOT NULL, "record_id" bigint NOT NULL, "blob_id" bigint NOT NULL, "created_at" timestamp NOT NULL, CONSTRAINT "fk_rails_c3b3935057"
FOREIGN KEY ("blob_id")
  REFERENCES "active_storage_blobs" ("id")
)[0m
  [1m[35m (3.0ms)[0m  [1m[35mCREATE INDEX "index_active_storage_attachments_on_blob_id" ON "active_storage_attachments" ("blob_id")[0m
  [1m[35m (2.8ms)[0m  [1m[35mCREATE UNIQUE INDEX "index_active_storage_attachments_uniqueness" ON "active_storage_attachments" ("record_type", "record_id", "name", "blob_id")[0m
  [1m[35m (7.1ms)[0m  [1m[35mCREATE TABLE "active_storage_variant_records" ("id" bigserial primary key, "blob_id" bigint NOT NULL, "variation_digest" character varying NOT NULL, CONSTRAINT "fk_rails_993965df05"
FOREIGN KEY ("blob_id")
  REFERENCES "active_storage_blobs" ("id")
)[0m
  [1m[35m (4.2ms)[0m  [1m[35mCREATE UNIQUE INDEX "index_active_storage_variant_records_uniqueness" ON "active_storage_variant_records" ("blob_id", "variation_digest")[0m
  [1m[36mActiveRecord::SchemaMigration Create (0.4ms)[0m  [1m[32mINSERT INTO "schema_migrations" ("version") VALUES ($1) RETURNING "version"[0m  [["version", "20211123222824"]]
  [1m[36mTRANSACTION (1.3ms)[0m  [1m[35mCOMMIT[0m
Migrating to AddRangoFechaToMovieTimes (20211124162849)
  [1m[36mTRANSACTION (0.6ms)[0m  [1m[35mBEGIN[0m
  [1m[35m (0.7ms)[0m  [1m[35mALTER TABLE "movie_times" ADD "date_start" date NOT NULL, ADD "date_enf" date NOT NULL[0m
  [1m[36mActiveRecord::SchemaMigration Create (0.5ms)[0m  [1m[32mINSERT INTO "schema_migrations" ("version") VALUES ($1) RETURNING "version"[0m  [["version", "20211124162849"]]
  [1m[36mTRANSACTION (2.0ms)[0m  [1m[35mCOMMIT[0m
Migrating to AddMovieIdToMovieTime (20211125033718)
  [1m[36mTRANSACTION (0.3ms)[0m  [1m[35mBEGIN[0m
  [1m[35m (0.9ms)[0m  [1m[35mALTER TABLE "movie_times" DROP COLUMN "movie"[0m
  [1m[35m (0.6ms)[0m  [1m[35mALTER TABLE "movie_times" ADD "movie_id" bigint NOT NULL[0m
  [1m[35m (2.7ms)[0m  [1m[35mCREATE INDEX "index_movie_times_on_movie_id" ON "movie_times" ("movie_id")[0m
  [1m[35m (0.9ms)[0m  [1m[35mALTER TABLE "movie_times" ADD CONSTRAINT "fk_rails_e6da71cf06"
FOREIGN KEY ("movie_id")
  REFERENCES "movies" ("id")
[0m
  [1m[36mActiveRecord::SchemaMigration Create (1.2ms)[0m  [1m[32mINSERT INTO "schema_migrations" ("version") VALUES ($1) RETURNING "version"[0m  [["version", "20211125033718"]]
  [1m[36mTRANSACTION (1.2ms)[0m  [1m[35mCOMMIT[0m
Migrating to FixTypo (20211125130104)
  [1m[36mTRANSACTION (0.3ms)[0m  [1m[35mBEGIN[0m
  [1m[35m (0.5ms)[0m  [1m[35mALTER TABLE "movie_times" RENAME COLUMN "date_enf" TO "date_end"[0m
  [1m[36mActiveRecord::SchemaMigration Create (0.7ms)[0m  [1m[32mINSERT INTO "schema_migrations" ("version") VALUES ($1) RETURNING "version"[0m  [["version", "20211125130104"]]
  [1m[36mTRANSACTION (2.5ms)[0m  [1m[35mCOMMIT[0m
Migrating to AddImageToMovies (20211126195647)
  [1m[36mTRANSACTION (0.3ms)[0m  [1m[35mBEGIN[0m
  [1m[35m (0.7ms)[0m  [1m[35mALTER TABLE "movies" ADD "image" character varying[0m
  [1m[36mActiveRecord::SchemaMigration Create (0.6ms)[0m  [1m[32mINSERT INTO "schema_migrations" ("version") VALUES ($1) RETURNING "version"[0m  [["version", "20211126195647"]]
  [1m[36mTRANSACTION (2.7ms)[0m  [1m[35mCOMMIT[0m
Migrating to AddNameToReservas (20221004204327)
  [1m[36mTRANSACTION (0.3ms)[0m  [1m[35mBEGIN[0m
  [1m[35m (0.6ms)[0m  [1m[35mALTER TABLE "reservas" ADD "name" character varying[0m
  [1m[36mActiveRecord::SchemaMigration Create (0.8ms)[0m  [1m[32mINSERT INTO "schema_migrations" ("version") VALUES ($1) RETURNING "version"[0m  [["version", "20221004204327"]]
  [1m[36mTRANSACTION (1.1ms)[0m  [1m[35mCOMMIT[0m
  [1m[36mActiveRecord::InternalMetadata Load (0.5ms)[0m  [1m[34mSELECT "ar_internal_metadata".* FROM "ar_internal_metadata" WHERE "ar_internal_metadata"."key" = $1 LIMIT $2[0m  [["key", "environment"], ["LIMIT", 1]]
  [1m[36mTRANSACTION (0.5ms)[0m  [1m[35mBEGIN[0m
  [1m[36mActiveRecord::InternalMetadata Create (1.9ms)[0m  [1m[32mINSERT INTO "ar_internal_metadata" ("key", "value", "created_at", "updated_at") VALUES ($1, $2, $3, $4) RETURNING "key"[0m  [["key", "environment"], ["value", "development"], ["created_at", "2022-10-11 00:16:13.358648"], ["updated_at", "2022-10-11 00:16:13.358648"]]
  [1m[36mTRANSACTION (1.0ms)[0m  [1m[35mCOMMIT[0m
  [1m[35m (0.4ms)[0m  [1m[34mSELECT pg_advisory_unlock(3068764288772549535)[0m
  [1m[36mActiveRecord::SchemaMigration Pluck (0.5ms)[0m  [1m[34mSELECT "schema_migrations"."version" FROM "schema_migrations" ORDER BY "schema_migrations"."version" ASC[0m
  [1m[36mActiveRecord::SchemaMigration Pluck (0.9ms)[0m  [1m[34mSELECT "schema_migrations"."version" FROM "schema_migrations" ORDER BY "schema_migrations"."version" ASC[0m
  [1m[36mTRANSACTION (0.3ms)[0m  [1m[35mBEGIN[0m
  [1m[36mRoom Create (0.6ms)[0m  [1m[32mINSERT INTO "rooms" ("number", "created_at", "updated_at") VALUES ($1, $2, $3) RETURNING "id"[0m  [["number", 1], ["created_at", "2022-10-11 00:16:19.955594"], ["updated_at", "2022-10-11 00:16:19.955594"]]
  [1m[36mTRANSACTION (12.2ms)[0m  [1m[35mCOMMIT[0m
  [1m[36mTRANSACTION (0.2ms)[0m  [1m[35mBEGIN[0m
  [1m[36mRoom Create (0.3ms)[0m  [1m[32mINSERT INTO "rooms" ("number", "created_at", "updated_at") VALUES ($1, $2, $3) RETURNING "id"[0m  [["number", 2], ["created_at", "2022-10-11 00:16:19.972653"], ["updated_at", "2022-10-11 00:16:19.972653"]]
  [1m[36mTRANSACTION (1.2ms)[0m  [1m[35mCOMMIT[0m
  [1m[36mTRANSACTION (0.3ms)[0m  [1m[35mBEGIN[0m
  [1m[36mRoom Create (0.4ms)[0m  [1m[32mINSERT INTO "rooms" ("number", "created_at", "updated_at") VALUES ($1, $2, $3) RETURNING "id"[0m  [["number", 3], ["created_at", "2022-10-11 00:16:19.977196"], ["updated_at", "2022-10-11 00:16:19.977196"]]
  [1m[36mTRANSACTION (1.3ms)[0m  [1m[35mCOMMIT[0m
  [1m[36mTRANSACTION (0.3ms)[0m  [1m[35mBEGIN[0m
  [1m[36mRoom Create (0.5ms)[0m  [1m[32mINSERT INTO "rooms" ("number", "created_at", "updated_at") VALUES ($1, $2, $3) RETURNING "id"[0m  [["number", 4], ["created_at", "2022-10-11 00:16:19.983181"], ["updated_at", "2022-10-11 00:16:19.983181"]]
  [1m[36mTRANSACTION (1.2ms)[0m  [1m[35mCOMMIT[0m
  [1m[36mTRANSACTION (0.2ms)[0m  [1m[35mBEGIN[0m
  [1m[36mRoom Create (0.5ms)[0m  [1m[32mINSERT INTO "rooms" ("number", "created_at", "updated_at") VALUES ($1, $2, $3) RETURNING "id"[0m  [["number", 5], ["created_at", "2022-10-11 00:16:19.989128"], ["updated_at", "2022-10-11 00:16:19.989128"]]
  [1m[36mTRANSACTION (1.0ms)[0m  [1m[35mCOMMIT[0m
  [1m[36mTRANSACTION (0.3ms)[0m  [1m[35mBEGIN[0m
  [1m[36mRoom Create (0.5ms)[0m  [1m[32mINSERT INTO "rooms" ("number", "created_at", "updated_at") VALUES ($1, $2, $3) RETURNING "id"[0m  [["number", 6], ["created_at", "2022-10-11 00:16:19.994888"], ["updated_at", "2022-10-11 00:16:19.994888"]]
  [1m[36mTRANSACTION (1.4ms)[0m  [1m[35mCOMMIT[0m
  [1m[36mTRANSACTION (0.2ms)[0m  [1m[35mBEGIN[0m
  [1m[36mRoom Create (0.5ms)[0m  [1m[32mINSERT INTO "rooms" ("number", "created_at", "updated_at") VALUES ($1, $2, $3) RETURNING "id"[0m  [["number", 7], ["created_at", "2022-10-11 00:16:20.000768"], ["updated_at", "2022-10-11 00:16:20.000768"]]
  [1m[36mTRANSACTION (1.5ms)[0m  [1m[35mCOMMIT[0m
  [1m[36mTRANSACTION (0.4ms)[0m  [1m[35mBEGIN[0m
  [1m[36mRoom Create (0.5ms)[0m  [1m[32mINSERT INTO "rooms" ("number", "created_at", "updated_at") VALUES ($1, $2, $3) RETURNING "id"[0m  [["number", 8], ["created_at", "2022-10-11 00:16:20.007848"], ["updated_at", "2022-10-11 00:16:20.007848"]]
  [1m[36mTRANSACTION (1.0ms)[0m  [1m[35mCOMMIT[0m
Started GET "/" for 127.0.0.1 at 2022-10-10 21:16:49 -0300
  [1m[36mActiveRecord::SchemaMigration Pluck (1.6ms)[0m  [1m[34mSELECT "schema_migrations"."version" FROM "schema_migrations" ORDER BY "schema_migrations"."version" ASC[0m
Processing by MovieController#home as HTML
  Rendering layout layouts/application.html.erb
  Rendering movie/home.html.erb within layouts/application
  Rendered movie/home.html.erb within layouts/application (Duration: 337.3ms | Allocations: 88619)
  Rendered layout layouts/application.html.erb (Duration: 364.6ms | Allocations: 105169)
Completed 200 OK in 392ms (Views: 374.3ms | ActiveRecord: 0.0ms | Allocations: 112497)


  [1m[36mActiveRecord::SchemaMigration Pluck (0.8ms)[0m  [1m[34mSELECT "schema_migrations"."version" FROM "schema_migrations" ORDER BY "schema_migrations"."version" ASC[0m
  [1m[36mTRANSACTION (0.2ms)[0m  [1m[35mBEGIN[0m
  [1m[36mRoom Create (0.7ms)[0m  [1m[32mINSERT INTO "rooms" ("number", "created_at", "updated_at") VALUES ($1, $2, $3) RETURNING "id"[0m  [["number", 1], ["created_at", "2022-10-11 00:24:16.030990"], ["updated_at", "2022-10-11 00:24:16.030990"]]
  [1m[36mTRANSACTION (12.1ms)[0m  [1m[35mCOMMIT[0m
  [1m[36mTRANSACTION (0.2ms)[0m  [1m[35mBEGIN[0m
  [1m[36mRoom Create (0.6ms)[0m  [1m[32mINSERT INTO "rooms" ("number", "created_at", "updated_at") VALUES ($1, $2, $3) RETURNING "id"[0m  [["number", 2], ["created_at", "2022-10-11 00:24:16.048508"], ["updated_at", "2022-10-11 00:24:16.048508"]]
  [1m[36mTRANSACTION (1.2ms)[0m  [1m[35mCOMMIT[0m
  [1m[36mTRANSACTION (0.2ms)[0m  [1m[35mBEGIN[0m
  [1m[36mRoom Create (0.6ms)[0m  [1m[32mINSERT INTO "rooms" ("number", "created_at", "updated_at") VALUES ($1, $2, $3) RETURNING "id"[0m  [["number", 3], ["created_at", "2022-10-11 00:24:16.054089"], ["updated_at", "2022-10-11 00:24:16.054089"]]
  [1m[36mTRANSACTION (1.1ms)[0m  [1m[35mCOMMIT[0m
  [1m[36mTRANSACTION (0.3ms)[0m  [1m[35mBEGIN[0m
  [1m[36mRoom Create (0.4ms)[0m  [1m[32mINSERT INTO "rooms" ("number", "created_at", "updated_at") VALUES ($1, $2, $3) RETURNING "id"[0m  [["number", 4], ["created_at", "2022-10-11 00:24:16.059264"], ["updated_at", "2022-10-11 00:24:16.059264"]]
  [1m[36mTRANSACTION (1.4ms)[0m  [1m[35mCOMMIT[0m
  [1m[36mTRANSACTION (0.2ms)[0m  [1m[35mBEGIN[0m
  [1m[36mRoom Create (0.4ms)[0m  [1m[32mINSERT INTO "rooms" ("number", "created_at", "updated_at") VALUES ($1, $2, $3) RETURNING "id"[0m  [["number", 5], ["created_at", "2022-10-11 00:24:16.064359"], ["updated_at", "2022-10-11 00:24:16.064359"]]
  [1m[36mTRANSACTION (1.3ms)[0m  [1m[35mCOMMIT[0m
  [1m[36mTRANSACTION (0.2ms)[0m  [1m[35mBEGIN[0m
  [1m[36mRoom Create (0.4ms)[0m  [1m[32mINSERT INTO "rooms" ("number", "created_at", "updated_at") VALUES ($1, $2, $3) RETURNING "id"[0m  [["number", 6], ["created_at", "2022-10-11 00:24:16.069769"], ["updated_at", "2022-10-11 00:24:16.069769"]]
  [1m[36mTRANSACTION (1.1ms)[0m  [1m[35mCOMMIT[0m
  [1m[36mTRANSACTION (0.2ms)[0m  [1m[35mBEGIN[0m
  [1m[36mRoom Create (0.3ms)[0m  [1m[32mINSERT INTO "rooms" ("number", "created_at", "updated_at") VALUES ($1, $2, $3) RETURNING "id"[0m  [["number", 7], ["created_at", "2022-10-11 00:24:16.074878"], ["updated_at", "2022-10-11 00:24:16.074878"]]
  [1m[36mTRANSACTION (1.1ms)[0m  [1m[35mCOMMIT[0m
  [1m[36mTRANSACTION (0.2ms)[0m  [1m[35mBEGIN[0m
  [1m[36mRoom Create (0.4ms)[0m  [1m[32mINSERT INTO "rooms" ("number", "created_at", "updated_at") VALUES ($1, $2, $3) RETURNING "id"[0m  [["number", 8], ["created_at", "2022-10-11 00:24:16.079503"], ["updated_at", "2022-10-11 00:24:16.079503"]]
  [1m[36mTRANSACTION (1.2ms)[0m  [1m[35mCOMMIT[0m
